# Logfile created on 2012-06-14 00:28:26 +0200 by logger.rb/31641
REQUESTING PAGE: GET /register with {} and HTTP headers {}
REQUESTING PAGE: GET /register with {} and HTTP headers {}
REQUESTING PAGE: GET /register with {} and HTTP headers {}
REQUESTING PAGE: GET /register with {} and HTTP headers {}
REQUESTING PAGE: GET /register with {} and HTTP headers {}
REQUESTING PAGE: GET /register with {} and HTTP headers {}
REQUESTING PAGE: GET /register with {} and HTTP headers {}
REQUESTING PAGE: GET /register with {} and HTTP headers {}
REQUESTING PAGE: GET /register with {} and HTTP headers {}
REQUESTING PAGE: GET /register with {} and HTTP headers {}
REQUESTING PAGE: GET /register with {} and HTTP headers {}
REQUESTING PAGE: GET /register with {} and HTTP headers {}
REQUESTING PAGE: GET /register with {} and HTTP headers {}
REQUESTING PAGE: GET /register with {} and HTTP headers {}
REQUESTING PAGE: GET /register with {} and HTTP headers {}
REQUESTING PAGE: GET /register with {} and HTTP headers {}
REQUESTING PAGE: GET /register with {} and HTTP headers {}
REQUESTING PAGE: GET /register with {} and HTTP headers {}
REQUESTING PAGE: GET /register with {} and HTTP headers {}
REQUESTING PAGE: GET /register with {} and HTTP headers {}
REQUESTING PAGE: GET /register with {} and HTTP headers {}
REQUESTING PAGE: GET /register with {} and HTTP headers {}
REQUESTING PAGE: GET /register with {} and HTTP headers {}
REQUESTING PAGE: GET /register with {} and HTTP headers {}
REQUESTING PAGE: GET /register with {} and HTTP headers {}
REQUESTING PAGE: GET /register with {} and HTTP headers {}
REQUESTING PAGE: GET /register with {} and HTTP headers {}
REQUESTING PAGE: GET /register with {} and HTTP headers {}
REQUESTING PAGE: GET /register with {} and HTTP headers {}
REQUESTING PAGE: GET /register with {} and HTTP headers {}
REQUESTING PAGE: GET /register with {} and HTTP headers {}
REQUESTING PAGE: GET /register with {} and HTTP headers {}
REQUESTING PAGE: GET /register with {} and HTTP headers {}
REQUESTING PAGE: GET /register with {} and HTTP headers {}
REQUESTING PAGE: GET /register with {} and HTTP headers {}
REQUESTING PAGE: GET /register with {} and HTTP headers {}
REQUESTING PAGE: GET /register with {} and HTTP headers {}
REQUESTING PAGE: GET /register with {} and HTTP headers {}
REQUESTING PAGE: GET /register with {} and HTTP headers {}
REQUESTING PAGE: GET /register with {} and HTTP headers {}
REQUESTING PAGE: GET /register with {} and HTTP headers {}
REQUESTING PAGE: GET /register with {} and HTTP headers {}
REQUESTING PAGE: GET /register with {} and HTTP headers {}
REQUESTING PAGE: GET /register with {} and HTTP headers {}
REQUESTING PAGE: GET /register with {} and HTTP headers {}
REQUESTING PAGE: GET /register with {} and HTTP headers {}
REQUESTING PAGE: GET /register with {} and HTTP headers {}
REQUESTING PAGE: GET /register with {} and HTTP headers {}
REQUESTING PAGE: GET /register with {} and HTTP headers {}
REQUESTING PAGE: GET /register with {} and HTTP headers {}
REQUESTING PAGE: GET /register with {} and HTTP headers {}
REQUESTING PAGE: GET /register with {} and HTTP headers {}
REQUESTING PAGE: GET /register with {} and HTTP headers {}
REQUESTING PAGE: GET /register with {} and HTTP headers {}
REQUESTING PAGE: GET /register with {} and HTTP headers {}
REQUESTING PAGE: GET /register with {} and HTTP headers {}
REQUESTING PAGE: GET /register with {} and HTTP headers {}
REQUESTING PAGE: GET /register with {} and HTTP headers {}
REQUESTING PAGE: GET lol with {} and HTTP headers {}
REQUESTING PAGE: GET /register with {} and HTTP headers {}
REQUESTING PAGE: GET /register with {} and HTTP headers {}
REQUESTING PAGE: GET /register with {} and HTTP headers {}
REQUESTING PAGE: GET /register with {} and HTTP headers {}
REQUESTING PAGE: GET /register with {} and HTTP headers {}
REQUESTING PAGE: GET /register with {} and HTTP headers {}
REQUESTING PAGE: GET /register with {} and HTTP headers {}
REQUESTING PAGE: GET /register with {} and HTTP headers {}
REQUESTING PAGE: GET /register with {} and HTTP headers {}
REQUESTING PAGE: GET /register with {} and HTTP headers {}
REQUESTING PAGE: GET /register with {} and HTTP headers {}
REQUESTING PAGE: GET /register with {} and HTTP headers {}
REQUESTING PAGE: GET /register with {} and HTTP headers {}
REQUESTING PAGE: GET /register with {} and HTTP headers {}
REQUESTING PAGE: GET /register with {} and HTTP headers {}
REQUESTING PAGE: GET /register with {} and HTTP headers {}
REQUESTING PAGE: GET /register with {} and HTTP headers {}
REQUESTING PAGE: GET /register with {} and HTTP headers {}
REQUESTING PAGE: GET /register with {} and HTTP headers {}
REQUESTING PAGE: GET /register with {} and HTTP headers {}
REQUESTING PAGE: GET /register with {} and HTTP headers {}
REQUESTING PAGE: GET /register with {} and HTTP headers {}
REQUESTING PAGE: GET /register with {} and HTTP headers {}
REQUESTING PAGE: GET /register with {} and HTTP headers {}
REQUESTING PAGE: GET /register with {} and HTTP headers {}
REQUESTING PAGE: GET /register with {} and HTTP headers {}
REQUESTING PAGE: GET /register with {} and HTTP headers {}
REQUESTING PAGE: GET /register with {} and HTTP headers {}
REQUESTING PAGE: GET /register with {} and HTTP headers {}
REQUESTING PAGE: GET /register with {} and HTTP headers {}
REQUESTING PAGE: GET /register with {} and HTTP headers {}
REQUESTING PAGE: GET /register with {} and HTTP headers {}
REQUESTING PAGE: GET /register with {} and HTTP headers {}
REQUESTING PAGE: GET /register with {} and HTTP headers {}
REQUESTING PAGE: GET /register with {} and HTTP headers {}
REQUESTING PAGE: GET /register with {} and HTTP headers {}
REQUESTING PAGE: GET /register with {} and HTTP headers {}
REQUESTING PAGE: GET /register with {} and HTTP headers {}
REQUESTING PAGE: GET /register with {} and HTTP headers {}
REQUESTING PAGE: GET /register with {} and HTTP headers {}
REQUESTING PAGE: GET /register with {} and HTTP headers {}
REQUESTING PAGE: GET /register with {} and HTTP headers {}
REQUESTING PAGE: GET /register with {} and HTTP headers {}
REQUESTING PAGE: GET /register with {} and HTTP headers {}
REQUESTING PAGE: GET /register with {} and HTTP headers {}
REQUESTING PAGE: GET /register with {} and HTTP headers {}
REQUESTING PAGE: GET /register with {} and HTTP headers {}
REQUESTING PAGE: GET /register with {} and HTTP headers {}
REQUESTING PAGE: GET /register with {} and HTTP headers {}
REQUESTING PAGE: GET /register with {} and HTTP headers {}
REQUESTING PAGE: GET /register with {} and HTTP headers {}
REQUESTING PAGE: GET /register with {} and HTTP headers {}
REQUESTING PAGE: GET /register with {} and HTTP headers {}
REQUESTING PAGE: GET /register with {} and HTTP headers {}
REQUESTING PAGE: GET /register with {} and HTTP headers {}
REQUESTING PAGE: GET /register with {} and HTTP headers {}
REQUESTING PAGE: GET /register with {} and HTTP headers {}
REQUESTING PAGE: GET /register with {} and HTTP headers {}
REQUESTING PAGE: GET /register with {} and HTTP headers {}
REQUESTING PAGE: GET /register with {} and HTTP headers {}
REQUESTING PAGE: GET /register with {} and HTTP headers {}
REQUESTING PAGE: GET /register with {} and HTTP headers {}
REQUESTING PAGE: GET /register with {} and HTTP headers {}
REQUESTING PAGE: GET /register with {} and HTTP headers {}
REQUESTING PAGE: GET /register with {} and HTTP headers {}
REQUESTING PAGE: GET /register with {} and HTTP headers {}
REQUESTING PAGE: GET /register with {} and HTTP headers {}
REQUESTING PAGE: GET /register with {} and HTTP headers {}
REQUESTING PAGE: GET /register with {} and HTTP headers {}
REQUESTING PAGE: GET /register with {} and HTTP headers {}
REQUESTING PAGE: GET /register with {} and HTTP headers {}
REQUESTING PAGE: GET /register with {} and HTTP headers {}
REQUESTING PAGE: GET /register with {} and HTTP headers {}
REQUESTING PAGE: GET /register with {} and HTTP headers {}
REQUESTING PAGE: GET /register with {} and HTTP headers {}
REQUESTING PAGE: GET /register with {} and HTTP headers {}
REQUESTING PAGE: GET /register with {} and HTTP headers {}
REQUESTING PAGE: GET /register with {} and HTTP headers {}
REQUESTING PAGE: GET /register with {} and HTTP headers {}
REQUESTING PAGE: GET /register with {} and HTTP headers {}
REQUESTING PAGE: GET /register with {} and HTTP headers {}
REQUESTING PAGE: GET /register with {} and HTTP headers {}
REQUESTING PAGE: GET /register with {} and HTTP headers {}
REQUESTING PAGE: GET /register with {} and HTTP headers {}
REQUESTING PAGE: GET /register with {} and HTTP headers {}
REQUESTING PAGE: GET /register with {} and HTTP headers {}
REQUESTING PAGE: GET /register with {} and HTTP headers {}
REQUESTING PAGE: GET /register with {} and HTTP headers {}
REQUESTING PAGE: GET /register with {} and HTTP headers {}
REQUESTING PAGE: GET /register with {} and HTTP headers {}
REQUESTING PAGE: GET /register with {} and HTTP headers {}
REQUESTING PAGE: GET /register with {} and HTTP headers {}
REQUESTING PAGE: GET /register with {} and HTTP headers {}
REQUESTING PAGE: GET /register with {} and HTTP headers {}
REQUESTING PAGE: GET /register with {} and HTTP headers {}
REQUESTING PAGE: GET /register with {} and HTTP headers {}
REQUESTING PAGE: GET /register with {} and HTTP headers {}
REQUESTING PAGE: GET /register with {} and HTTP headers {}
REQUESTING PAGE: GET /register with {} and HTTP headers {}
REQUESTING PAGE: GET /register with {} and HTTP headers {}
REQUESTING PAGE: GET /register with {} and HTTP headers {}
REQUESTING PAGE: GET /register with {} and HTTP headers {}
REQUESTING PAGE: GET /register with {} and HTTP headers {}
REQUESTING PAGE: GET /register with {} and HTTP headers {}
REQUESTING PAGE: GET /profile with {} and HTTP headers {}
REQUESTING PAGE: GET /register with {} and HTTP headers {}
REQUESTING PAGE: GET /profile.1 with {} and HTTP headers {}
REQUESTING PAGE: GET /register with {} and HTTP headers {}
REQUESTING PAGE: GET /profile.1 with {} and HTTP headers {}
REQUESTING PAGE: GET /register with {} and HTTP headers {}
REQUESTING PAGE: GET /register with {} and HTTP headers {}
REQUESTING PAGE: GET /register with {} and HTTP headers {}
REQUESTING PAGE: GET /register with {} and HTTP headers {}
REQUESTING PAGE: GET /register with {} and HTTP headers {}
REQUESTING PAGE: GET /profile.1 with {} and HTTP headers {}
REQUESTING PAGE: GET /register with {} and HTTP headers {}
REQUESTING PAGE: GET /register with {} and HTTP headers {}
REQUESTING PAGE: GET /register with {} and HTTP headers {}
REQUESTING PAGE: GET /register with {} and HTTP headers {}
REQUESTING PAGE: GET /register with {} and HTTP headers {}
REQUESTING PAGE: GET /users/1 with {} and HTTP headers {}
REQUESTING PAGE: GET /register with {} and HTTP headers {}
REQUESTING PAGE: GET /register with {} and HTTP headers {}
REQUESTING PAGE: GET /register with {} and HTTP headers {}
REQUESTING PAGE: GET /profile/1 with {} and HTTP headers {}
REQUESTING PAGE: GET /register with {} and HTTP headers {}
REQUESTING PAGE: GET /profile/1 with {} and HTTP headers {}
REQUESTING PAGE: GET /register with {} and HTTP headers {}
REQUESTING PAGE: GET /profile/1 with {} and HTTP headers {}
REQUESTING PAGE: GET /register with {} and HTTP headers {}
REQUESTING PAGE: GET /profile/1 with {} and HTTP headers {}
REQUESTING PAGE: GET /register with {} and HTTP headers {}
REQUESTING PAGE: GET /profile/1 with {} and HTTP headers {}
REQUESTING PAGE: GET /register with {} and HTTP headers {}
REQUESTING PAGE: GET /profile/1 with {} and HTTP headers {}
REQUESTING PAGE: GET /register with {} and HTTP headers {}
REQUESTING PAGE: GET /profile/1 with {} and HTTP headers {}
REQUESTING PAGE: GET /register with {} and HTTP headers {}
REQUESTING PAGE: GET /profile/1 with {} and HTTP headers {}
REQUESTING PAGE: GET /register with {} and HTTP headers {}
REQUESTING PAGE: GET /profile/1 with {} and HTTP headers {}
REQUESTING PAGE: GET /register with {} and HTTP headers {}
REQUESTING PAGE: GET /profile/1 with {} and HTTP headers {}
REQUESTING PAGE: GET /register with {} and HTTP headers {}
REQUESTING PAGE: GET /register with {} and HTTP headers {}
REQUESTING PAGE: GET /register with {} and HTTP headers {}
REQUESTING PAGE: GET /register with {} and HTTP headers {}
REQUESTING PAGE: GET /register with {} and HTTP headers {}
REQUESTING PAGE: GET /register with {} and HTTP headers {}
REQUESTING PAGE: GET /register with {} and HTTP headers {}
REQUESTING PAGE: GET /register with {} and HTTP headers {}
REQUESTING PAGE: GET /profile/1 with {} and HTTP headers {}
REQUESTING PAGE: GET /register with {} and HTTP headers {}
REQUESTING PAGE: GET /profile/1 with {} and HTTP headers {}
REQUESTING PAGE: GET /register with {} and HTTP headers {}
REQUESTING PAGE: GET /profile/1 with {} and HTTP headers {}
REQUESTING PAGE: GET /register with {} and HTTP headers {}
REQUESTING PAGE: GET /profile/1 with {} and HTTP headers {}
REQUESTING PAGE: GET /profile/1 with {} and HTTP headers {}
REQUESTING PAGE: GET /register with {} and HTTP headers {}
REQUESTING PAGE: GET /profile/1 with {} and HTTP headers {}
REQUESTING PAGE: GET /register with {} and HTTP headers {}
REQUESTING PAGE: GET /profile/1 with {} and HTTP headers {}
REQUESTING PAGE: GET /register with {} and HTTP headers {}
REQUESTING PAGE: GET /profile/1 with {} and HTTP headers {}
REQUESTING PAGE: GET /profile/1 with {} and HTTP headers {}
REQUESTING PAGE: GET /register with {} and HTTP headers {}
REQUESTING PAGE: GET /profile/1 with {} and HTTP headers {}
REQUESTING PAGE: GET /profile/1 with {} and HTTP headers {}
REQUESTING PAGE: GET /register with {} and HTTP headers {}
REQUESTING PAGE: GET /profile/1 with {} and HTTP headers {}
REQUESTING PAGE: GET /profile/1 with {} and HTTP headers {}
REQUESTING PAGE: GET /register with {} and HTTP headers {}
REQUESTING PAGE: GET /profile/1 with {} and HTTP headers {}
REQUESTING PAGE: GET /profile/1 with {} and HTTP headers {}
REQUESTING PAGE: GET /register with {} and HTTP headers {}
REQUESTING PAGE: GET /profile/1 with {} and HTTP headers {}
REQUESTING PAGE: GET /profile/1 with {} and HTTP headers {}
